<?xml version="1.0" encoding="UTF-8"?>
<testng-results total="1" passed="1" failed="0" skipped="0">
  <reporter-output>
  </reporter-output>
  <suite started-at="2023-06-02T07:12:35Z" name="Default suite" finished-at="2023-06-02T07:13:03Z" duration-ms="28140">
    <groups>
    </groups>
    <test started-at="2023-06-02T07:12:35Z" name="Default test" finished-at="2023-06-02T07:13:03Z" duration-ms="28140">
      <class name="selenium.Ques3">
        <test-method is-config="true" signature="beforeMethod()[pri:0, instance:selenium.Ques3@65b104b9]" started-at="2023-06-02T12:42:35Z" name="beforeMethod" finished-at="2023-06-02T12:42:54Z" duration-ms="18706" status="PASS">
          <reporter-output>
          </reporter-output>
        </test-method> <!-- beforeMethod -->
        <test-method signature="underMethod()[pri:0, instance:selenium.Ques3@65b104b9]" started-at="2023-06-02T12:42:54Z" name="underMethod" finished-at="2023-06-02T12:43:02Z" duration-ms="8793" status="PASS">
          <reporter-output>
          </reporter-output>
        </test-method> <!-- underMethod -->
        <test-method is-config="true" signature="afterMethod()[pri:0, instance:selenium.Ques3@65b104b9]" started-at="2023-06-02T12:43:03Z" name="afterMethod" finished-at="2023-06-02T12:43:03Z" duration-ms="600" status="PASS">
          <reporter-output>
          </reporter-output>
        </test-method> <!-- afterMethod -->
      </class> <!-- selenium.Ques3 -->
    </test> <!-- Default test -->
  </suite> <!-- Default suite -->
</testng-results>
